2020-04-10 01:22:20,754 [Worker-0] INFO  c.g.t.t.d.PublishedGradleVersions - Gradle version information cache is up-to-date. Trying to read.
2020-04-10 01:24:18,603 [Worker-19] INFO  o.e.m.c.i.l.LifecycleMappingFactory - Using org.eclipse.m2e.jdt.JarLifecycleMapping lifecycle mapping for MavenProject: com.pbstrain:pbs:0.0.1 @ /Users/manishkumar/Work/Git-Projects/pbs_in_train/pbs/pom.xml.
2020-04-10 01:24:18,604 [Worker-18] INFO  o.e.m.c.i.l.LifecycleMappingFactory - Using org.eclipse.m2e.jdt.JarLifecycleMapping lifecycle mapping for MavenProject: com.pbstrain:pbs:0.0.1 @ /Users/manishkumar/Work/Git-Projects/pbs_in_train/pbs/pom.xml.
2020-04-10 01:24:19,693 [Worker-18] INFO  o.e.m.c.i.embedder.EclipseLogger - Using 'UTF-8' encoding to copy filtered resources.
2020-04-10 01:24:19,693 [Worker-18] INFO  o.e.m.c.i.embedder.EclipseLogger - skip non existing resourceDirectory /Users/manishkumar/Work/Git-Projects/pbs_in_train/pbs/src/main/resources
2020-04-10 01:24:19,699 [Worker-18] INFO  o.e.m.c.i.embedder.EclipseLogger - Using 'UTF-8' encoding to copy filtered resources.
2020-04-10 01:24:19,699 [Worker-18] INFO  o.e.m.c.i.embedder.EclipseLogger - skip non existing resourceDirectory /Users/manishkumar/Work/Git-Projects/pbs_in_train/pbs/src/test/resources
2020-04-10 01:24:21,900 [Worker-10] INFO  o.e.m.c.i.l.LifecycleMappingFactory - Using org.eclipse.m2e.jdt.JarLifecycleMapping lifecycle mapping for MavenProject: com.pbstrain:pbs:0.0.1 @ /Users/manishkumar/Work/Git-Projects/pbs_in_train/pbs/pom.xml.
2020-04-10 01:24:21,918 [Worker-6] INFO  o.e.m.c.i.embedder.EclipseLogger - Using 'UTF-8' encoding to copy filtered resources.
2020-04-10 01:24:21,919 [Worker-6] INFO  o.e.m.c.i.embedder.EclipseLogger - skip non existing resourceDirectory /Users/manishkumar/Work/Git-Projects/pbs_in_train/pbs/src/main/resources
2020-04-10 01:24:21,921 [Worker-6] INFO  o.e.m.c.i.embedder.EclipseLogger - Using 'UTF-8' encoding to copy filtered resources.
2020-04-10 01:24:21,922 [Worker-6] INFO  o.e.m.c.i.embedder.EclipseLogger - skip non existing resourceDirectory /Users/manishkumar/Work/Git-Projects/pbs_in_train/pbs/src/test/resources
2020-04-10 01:24:23,336 [Worker-21] INFO  o.e.m.c.i.embedder.EclipseLogger - Using 'UTF-8' encoding to copy filtered resources.
2020-04-10 01:24:23,336 [Worker-21] INFO  o.e.m.c.i.embedder.EclipseLogger - skip non existing resourceDirectory /Users/manishkumar/Work/Git-Projects/pbs_in_train/pbs/src/main/resources
2020-04-10 01:24:23,338 [Worker-21] INFO  o.e.m.c.i.embedder.EclipseLogger - Using 'UTF-8' encoding to copy filtered resources.
2020-04-10 01:24:23,338 [Worker-21] INFO  o.e.m.c.i.embedder.EclipseLogger - skip non existing resourceDirectory /Users/manishkumar/Work/Git-Projects/pbs_in_train/pbs/src/test/resources
2020-04-10 01:27:20,366 [Worker-17] INFO  o.e.m.c.i.embedder.EclipseLogger - Using 'UTF-8' encoding to copy filtered resources.
2020-04-10 01:27:20,368 [Worker-17] INFO  o.e.m.c.i.embedder.EclipseLogger - skip non existing resourceDirectory /Users/manishkumar/Work/Git-Projects/pbs_in_train/pbs/src/main/resources
2020-04-10 01:27:20,369 [Worker-17] INFO  o.e.m.c.i.embedder.EclipseLogger - Using 'UTF-8' encoding to copy filtered resources.
2020-04-10 01:27:20,370 [Worker-17] INFO  o.e.m.c.i.embedder.EclipseLogger - skip non existing resourceDirectory /Users/manishkumar/Work/Git-Projects/pbs_in_train/pbs/src/test/resources
2020-04-10 01:28:23,243 [Worker-21] INFO  o.e.m.c.i.l.LifecycleMappingFactory - Using org.eclipse.m2e.jdt.JarLifecycleMapping lifecycle mapping for MavenProject: com.pbstrain:pbs:0.0.1 @ /Users/manishkumar/Work/Git-Projects/pbs_in_train/pbs/pom.xml.
2020-04-10 01:28:23,486 [Worker-21] INFO  o.e.m.c.i.embedder.EclipseLogger - Using 'UTF-8' encoding to copy filtered resources.
2020-04-10 01:28:23,486 [Worker-21] INFO  o.e.m.c.i.embedder.EclipseLogger - skip non existing resourceDirectory /Users/manishkumar/Work/Git-Projects/pbs_in_train/pbs/src/main/resources
2020-04-10 01:28:23,489 [Worker-21] INFO  o.e.m.c.i.embedder.EclipseLogger - Using 'UTF-8' encoding to copy filtered resources.
2020-04-10 01:28:23,489 [Worker-21] INFO  o.e.m.c.i.embedder.EclipseLogger - skip non existing resourceDirectory /Users/manishkumar/Work/Git-Projects/pbs_in_train/pbs/src/test/resources
2020-04-10 01:39:09,726 [Worker-28] INFO  o.e.m.c.i.embedder.EclipseLogger - Using 'UTF-8' encoding to copy filtered resources.
2020-04-10 01:39:09,727 [Worker-28] INFO  o.e.m.c.i.embedder.EclipseLogger - skip non existing resourceDirectory /Users/manishkumar/Work/Git-Projects/pbs_in_train/pbs/src/main/resources
2020-04-10 01:39:09,728 [Worker-28] INFO  o.e.m.c.i.embedder.EclipseLogger - Using 'UTF-8' encoding to copy filtered resources.
2020-04-10 01:39:09,729 [Worker-28] INFO  o.e.m.c.i.embedder.EclipseLogger - skip non existing resourceDirectory /Users/manishkumar/Work/Git-Projects/pbs_in_train/pbs/src/test/resources
